2025-07-06T17:05:04.270Z  INFO 1 --- [simplewebapp] [main] [                                                 ] c.e.s.SimplewebappApplication            : Starting SimplewebappApplication v0.0.1-SNAPSHOT using Java 17.0.15 with PID 1 (/app/app.jar started by root in /app)
2025-07-06T17:05:04.309Z  INFO 1 --- [simplewebapp] [main] [                                                 ] c.e.s.SimplewebappApplication            : No active profile set, falling back to 1 default profile: "default"
2025-07-06T17:05:11.680Z  INFO 1 --- [simplewebapp] [main] [                                                 ] o.s.b.w.embedded.tomcat.TomcatWebServer  : Tomcat initialized with port 8081 (http)
2025-07-06T17:05:11.728Z  INFO 1 --- [simplewebapp] [main] [                                                 ] o.apache.catalina.core.StandardService   : Starting service [Tomcat]
2025-07-06T17:05:11.738Z  INFO 1 --- [simplewebapp] [main] [                                                 ] o.apache.catalina.core.StandardEngine    : Starting Servlet engine: [Apache Tomcat/10.1.42]
2025-07-06T17:05:11.843Z  INFO 1 --- [simplewebapp] [main] [                                                 ] o.a.c.c.C.[Tomcat].[localhost].[/]       : Initializing Spring embedded WebApplicationContext
2025-07-06T17:05:11.852Z  INFO 1 --- [simplewebapp] [main] [                                                 ] w.s.c.ServletWebServerApplicationContext : Root WebApplicationContext: initialization completed in 7137 ms
2025-07-06T17:05:14.367Z  INFO 1 --- [simplewebapp] [main] [                                                 ] o.s.b.a.e.web.EndpointLinksResolver      : Exposing 15 endpoints beneath base path '/actuator'
2025-07-06T17:05:14.663Z  INFO 1 --- [simplewebapp] [main] [                                                 ] o.s.b.w.embedded.tomcat.TomcatWebServer  : Tomcat started on port 8081 (http) with context path '/'
2025-07-06T17:05:14.725Z  INFO 1 --- [simplewebapp] [main] [                                                 ] c.e.s.SimplewebappApplication            : Started SimplewebappApplication in 16.464 seconds (process running for 19.484)
2025-07-06T17:05:15.412Z  INFO 1 --- [simplewebapp] [http-nio-8081-exec-1] [                                                 ] o.a.c.c.C.[Tomcat].[localhost].[/]       : Initializing Spring DispatcherServlet 'dispatcherServlet'
2025-07-06T17:05:15.415Z  INFO 1 --- [simplewebapp] [http-nio-8081-exec-1] [                                                 ] o.s.web.servlet.DispatcherServlet        : Initializing Servlet 'dispatcherServlet'
2025-07-06T17:05:15.433Z  INFO 1 --- [simplewebapp] [http-nio-8081-exec-1] [                                                 ] o.s.web.servlet.DispatcherServlet        : Completed initialization in 8 ms
2025-07-06T17:19:49.691Z  INFO 1 --- [simplewebapp] [SpringApplicationShutdownHook] [                                                 ] o.s.b.w.e.tomcat.GracefulShutdown        : Commencing graceful shutdown. Waiting for active requests to complete
2025-07-06T17:19:49.774Z  INFO 1 --- [simplewebapp] [tomcat-shutdown] [                                                 ] o.s.b.w.e.tomcat.GracefulShutdown        : Graceful shutdown complete
2025-07-06T17:21:04.277Z  INFO 1 --- [simplewebapp] [main] [                                                 ] c.e.s.SimplewebappApplication            : Starting SimplewebappApplication v0.0.1-SNAPSHOT using Java 17.0.15 with PID 1 (/app/app.jar started by root in /app)
2025-07-06T17:21:04.296Z  INFO 1 --- [simplewebapp] [main] [                                                 ] c.e.s.SimplewebappApplication            : No active profile set, falling back to 1 default profile: "default"
2025-07-06T17:21:11.977Z  INFO 1 --- [simplewebapp] [main] [                                                 ] o.s.b.w.embedded.tomcat.TomcatWebServer  : Tomcat initialized with port 8081 (http)
2025-07-06T17:21:12.035Z  INFO 1 --- [simplewebapp] [main] [                                                 ] o.apache.catalina.core.StandardService   : Starting service [Tomcat]
2025-07-06T17:21:12.038Z  INFO 1 --- [simplewebapp] [main] [                                                 ] o.apache.catalina.core.StandardEngine    : Starting Servlet engine: [Apache Tomcat/10.1.42]
2025-07-06T17:21:12.203Z  INFO 1 --- [simplewebapp] [main] [                                                 ] o.a.c.c.C.[Tomcat].[localhost].[/]       : Initializing Spring embedded WebApplicationContext
2025-07-06T17:21:12.207Z  INFO 1 --- [simplewebapp] [main] [                                                 ] w.s.c.ServletWebServerApplicationContext : Root WebApplicationContext: initialization completed in 7513 ms
2025-07-06T17:21:15.494Z  INFO 1 --- [simplewebapp] [main] [                                                 ] o.s.b.a.e.web.EndpointLinksResolver      : Exposing 15 endpoints beneath base path '/actuator'
2025-07-06T17:21:15.889Z  INFO 1 --- [simplewebapp] [main] [                                                 ] o.s.b.w.embedded.tomcat.TomcatWebServer  : Tomcat started on port 8081 (http) with context path '/'
2025-07-06T17:21:15.966Z  INFO 1 --- [simplewebapp] [main] [                                                 ] c.e.s.SimplewebappApplication            : Started SimplewebappApplication in 14.748 seconds (process running for 17.08)
2025-07-06T17:21:16.135Z  INFO 1 --- [simplewebapp] [http-nio-8081-exec-1] [                                                 ] o.a.c.c.C.[Tomcat].[localhost].[/]       : Initializing Spring DispatcherServlet 'dispatcherServlet'
2025-07-06T17:21:16.139Z  INFO 1 --- [simplewebapp] [http-nio-8081-exec-1] [                                                 ] o.s.web.servlet.DispatcherServlet        : Initializing Servlet 'dispatcherServlet'
2025-07-06T17:21:16.152Z  INFO 1 --- [simplewebapp] [http-nio-8081-exec-1] [                                                 ] o.s.web.servlet.DispatcherServlet        : Completed initialization in 7 ms
2025-07-06T17:30:08.969Z  INFO 1 --- [simplewebapp] [http-nio-8081-exec-4] [686ab2a01cbda920af76642a8a51ce6b-af76642a8a51ce6b] c.e.simplewebapp.service.LoggingService  : Registered user: User(userEmail=null, userName=Ramya Bhargavi)
2025-07-06T17:30:09.008Z  INFO 1 --- [simplewebapp] [http-nio-8081-exec-4] [686ab2a01cbda920af76642a8a51ce6b-af76642a8a51ce6b] c.e.simplewebapp.service.LoggingService  : Registered user: User(userEmail=null, userName=Ramya Bhargavi)
2025-07-06T17:30:09.011Z  INFO 1 --- [simplewebapp] [http-nio-8081-exec-4] [686ab2a01cbda920af76642a8a51ce6b-af76642a8a51ce6b] c.e.simplewebapp.service.LoggingService  : Registered user: User(userEmail=null, userName=Ramya Bhargavi)
2025-07-06T17:30:09.014Z  INFO 1 --- [simplewebapp] [http-nio-8081-exec-4] [686ab2a01cbda920af76642a8a51ce6b-af76642a8a51ce6b] c.e.s.controller.LoggingController       : successfully registered
2025-07-06T17:30:35.302Z  INFO 1 --- [simplewebapp] [http-nio-8081-exec-3] [686ab2bb1243a75aa4b5e60a907eb4cf-a4b5e60a907eb4cf] c.e.simplewebapp.service.LoggingService  : Registered user: User(userEmail=ramya.bhargavi@gmail.com, userName=Ramya Bhargavi)
2025-07-06T17:30:35.304Z  INFO 1 --- [simplewebapp] [http-nio-8081-exec-3] [686ab2bb1243a75aa4b5e60a907eb4cf-a4b5e60a907eb4cf] c.e.simplewebapp.service.LoggingService  : Registered user: User(userEmail=ramya.bhargavi@gmail.com, userName=Ramya Bhargavi)
2025-07-06T17:30:35.305Z  INFO 1 --- [simplewebapp] [http-nio-8081-exec-3] [686ab2bb1243a75aa4b5e60a907eb4cf-a4b5e60a907eb4cf] c.e.simplewebapp.service.LoggingService  : Registered user: User(userEmail=ramya.bhargavi@gmail.com, userName=Ramya Bhargavi)
2025-07-06T17:30:35.310Z  INFO 1 --- [simplewebapp] [http-nio-8081-exec-3] [686ab2bb1243a75aa4b5e60a907eb4cf-a4b5e60a907eb4cf] c.e.s.controller.LoggingController       : successfully registered
2025-07-06T17:37:22.993Z  INFO 1 --- [simplewebapp] [SpringApplicationShutdownHook] [                                                 ] o.s.b.w.e.tomcat.GracefulShutdown        : Commencing graceful shutdown. Waiting for active requests to complete
2025-07-06T17:37:23.179Z  INFO 1 --- [simplewebapp] [tomcat-shutdown] [                                                 ] o.s.b.w.e.tomcat.GracefulShutdown        : Graceful shutdown complete
2025-07-06T17:37:50.335Z  INFO 1 --- [simplewebapp] [main] [                                                 ] c.e.s.SimplewebappApplication            : Starting SimplewebappApplication v0.0.1-SNAPSHOT using Java 17.0.15 with PID 1 (/app/app.jar started by root in /app)
2025-07-06T17:37:50.352Z  INFO 1 --- [simplewebapp] [main] [                                                 ] c.e.s.SimplewebappApplication            : No active profile set, falling back to 1 default profile: "default"
2025-07-06T17:37:54.410Z  INFO 1 --- [simplewebapp] [main] [                                                 ] o.s.b.w.embedded.tomcat.TomcatWebServer  : Tomcat initialized with port 8081 (http)
2025-07-06T17:37:54.442Z  INFO 1 --- [simplewebapp] [main] [                                                 ] o.apache.catalina.core.StandardService   : Starting service [Tomcat]
2025-07-06T17:37:54.444Z  INFO 1 --- [simplewebapp] [main] [                                                 ] o.apache.catalina.core.StandardEngine    : Starting Servlet engine: [Apache Tomcat/10.1.42]
2025-07-06T17:37:54.515Z  INFO 1 --- [simplewebapp] [main] [                                                 ] o.a.c.c.C.[Tomcat].[localhost].[/]       : Initializing Spring embedded WebApplicationContext
2025-07-06T17:37:54.517Z  INFO 1 --- [simplewebapp] [main] [                                                 ] w.s.c.ServletWebServerApplicationContext : Root WebApplicationContext: initialization completed in 3918 ms
2025-07-06T17:37:56.268Z  INFO 1 --- [simplewebapp] [main] [                                                 ] o.s.b.a.e.web.EndpointLinksResolver      : Exposing 15 endpoints beneath base path '/actuator'
2025-07-06T17:37:56.508Z  INFO 1 --- [simplewebapp] [main] [                                                 ] o.s.b.w.embedded.tomcat.TomcatWebServer  : Tomcat started on port 8081 (http) with context path '/'
2025-07-06T17:37:56.551Z  INFO 1 --- [simplewebapp] [main] [                                                 ] c.e.s.SimplewebappApplication            : Started SimplewebappApplication in 9.253 seconds (process running for 11.769)
2025-07-06T17:37:56.961Z  INFO 1 --- [simplewebapp] [http-nio-8081-exec-1] [                                                 ] o.a.c.c.C.[Tomcat].[localhost].[/]       : Initializing Spring DispatcherServlet 'dispatcherServlet'
2025-07-06T17:37:56.972Z  INFO 1 --- [simplewebapp] [http-nio-8081-exec-1] [                                                 ] o.s.web.servlet.DispatcherServlet        : Initializing Servlet 'dispatcherServlet'
2025-07-06T17:37:56.979Z  INFO 1 --- [simplewebapp] [http-nio-8081-exec-1] [                                                 ] o.s.web.servlet.DispatcherServlet        : Completed initialization in 4 ms
2025-07-06T17:46:45.232Z  INFO 1 --- [simplewebapp] [SpringApplicationShutdownHook] [                                                 ] o.s.b.w.e.tomcat.GracefulShutdown        : Commencing graceful shutdown. Waiting for active requests to complete
2025-07-06T17:46:45.398Z  INFO 1 --- [simplewebapp] [tomcat-shutdown] [                                                 ] o.s.b.w.e.tomcat.GracefulShutdown        : Graceful shutdown complete
2025-07-06T17:47:10.250Z  INFO 1 --- [simplewebapp] [main] [                                                 ] c.e.s.SimplewebappApplication            : Starting SimplewebappApplication v0.0.1-SNAPSHOT using Java 17.0.15 with PID 1 (/app/app.jar started by root in /app)
2025-07-06T17:47:10.261Z  INFO 1 --- [simplewebapp] [main] [                                                 ] c.e.s.SimplewebappApplication            : No active profile set, falling back to 1 default profile: "default"
2025-07-06T17:47:16.883Z  INFO 1 --- [simplewebapp] [main] [                                                 ] o.s.b.w.embedded.tomcat.TomcatWebServer  : Tomcat initialized with port 8081 (http)
2025-07-06T17:47:16.925Z  INFO 1 --- [simplewebapp] [main] [                                                 ] o.apache.catalina.core.StandardService   : Starting service [Tomcat]
2025-07-06T17:47:16.929Z  INFO 1 --- [simplewebapp] [main] [                                                 ] o.apache.catalina.core.StandardEngine    : Starting Servlet engine: [Apache Tomcat/10.1.42]
2025-07-06T17:47:17.032Z  INFO 1 --- [simplewebapp] [main] [                                                 ] o.a.c.c.C.[Tomcat].[localhost].[/]       : Initializing Spring embedded WebApplicationContext
2025-07-06T17:47:17.039Z  INFO 1 --- [simplewebapp] [main] [                                                 ] w.s.c.ServletWebServerApplicationContext : Root WebApplicationContext: initialization completed in 6524 ms
2025-07-06T17:47:18.825Z  INFO 1 --- [simplewebapp] [main] [                                                 ] o.s.b.a.e.web.EndpointLinksResolver      : Exposing 15 endpoints beneath base path '/actuator'
2025-07-06T17:47:19.044Z  INFO 1 --- [simplewebapp] [main] [                                                 ] o.s.b.w.embedded.tomcat.TomcatWebServer  : Tomcat started on port 8081 (http) with context path '/'
2025-07-06T17:47:19.111Z  INFO 1 --- [simplewebapp] [main] [                                                 ] c.e.s.SimplewebappApplication            : Started SimplewebappApplication in 13.329 seconds (process running for 17.209)
2025-07-06T17:47:19.927Z  INFO 1 --- [simplewebapp] [http-nio-8081-exec-1] [                                                 ] o.a.c.c.C.[Tomcat].[localhost].[/]       : Initializing Spring DispatcherServlet 'dispatcherServlet'
2025-07-06T17:47:19.928Z  INFO 1 --- [simplewebapp] [http-nio-8081-exec-1] [                                                 ] o.s.web.servlet.DispatcherServlet        : Initializing Servlet 'dispatcherServlet'
2025-07-06T17:47:19.933Z  INFO 1 --- [simplewebapp] [http-nio-8081-exec-1] [                                                 ] o.s.web.servlet.DispatcherServlet        : Completed initialization in 3 ms
